<?xml version="1.0" encoding="UTF-8"?>
<!-- Generated by org.testng.reporters.JUnitXMLReporter -->
<testsuite ignored="0" hostname="DESKTOP-6EKTJ1K" failures="0" tests="5" name="MangaAppTests" time="122.013" errors="0" timestamp="2024-08-24T01:59:33 BDT">
  <testcase classname="com.mangaapp.MangaApp.LoginTest" name="testLoginFunctionality" time="13.425"/>
  <testcase classname="com.mangaapp.MangaApp.LoginTest" name="testLoginFunctionality" time="10.913"/>
  <testcase classname="com.mangaapp.MangaApp.MangaSearchTest" name="testSearchFunctionality" time="42.13"/>
  <testcase classname="com.mangaapp.MangaApp.LoginTest" name="testLoginFunctionality" time="11.119"/>
  <testcase classname="com.mangaapp.MangaApp.MangaDetailsModalTest" name="testMangaDetailsModal" time="26.073"/>
</testsuite> <!-- MangaAppTests -->
