<?xml version="1.0" encoding="UTF-8"?>
<!-- Generated by org.testng.reporters.JUnitXMLReporter -->
<testsuite ignored="0" hostname="DESKTOP-6EKTJ1K" failures="0" tests="2" name="Default test" time="60.258" errors="0" timestamp="2024-08-24T01:56:05 BDT">
  <testcase classname="com.mangaapp.MangaApp.LoginTest" name="testLoginFunctionality" time="11.486"/>
  <testcase classname="com.mangaapp.MangaApp.MangaDetailsModalTest" name="testMangaDetailsModal" time="39.512"/>
</testsuite> <!-- Default test -->
