<?xml version="1.0" encoding="UTF-8"?>
<testng-results ignored="0" total="5" passed="5" failed="0" skipped="0">
  <reporter-output>
  </reporter-output>
  <suite started-at="2024-08-24T01:57:31 BDT" name="MangaAppTestSuite" finished-at="2024-08-24T01:59:33 BDT" duration-ms="122013">
    <groups>
    </groups>
    <test started-at="2024-08-24T01:57:31 BDT" name="MangaAppTests" finished-at="2024-08-24T01:59:33 BDT" duration-ms="122013">
      <class name="com.mangaapp.MangaApp.MangaDetailsModalTest">
        <test-method is-config="true" signature="setUp()[pri:0, instance:com.mangaapp.MangaApp.MangaDetailsModalTest@5542c4ed]" started-at="2024-08-24T01:58:51 BDT" name="setUp" finished-at="2024-08-24T01:58:55 BDT" duration-ms="3891" status="PASS">
          <reporter-output>
          </reporter-output>
        </test-method> <!-- setUp -->
        <test-method signature="testLoginFunctionality()[pri:0, instance:com.mangaapp.MangaApp.MangaDetailsModalTest@5542c4ed]" started-at="2024-08-24T01:58:55 BDT" name="testLoginFunctionality" finished-at="2024-08-24T01:59:06 BDT" duration-ms="11119" status="PASS">
          <reporter-output>
          </reporter-output>
        </test-method> <!-- testLoginFunctionality -->
        <test-method signature="testMangaDetailsModal()[pri:0, instance:com.mangaapp.MangaApp.MangaDetailsModalTest@5542c4ed]" started-at="2024-08-24T01:59:06 BDT" name="testMangaDetailsModal" finished-at="2024-08-24T01:59:32 BDT" duration-ms="26073" status="PASS">
          <reporter-output>
          </reporter-output>
        </test-method> <!-- testMangaDetailsModal -->
        <test-method is-config="true" signature="tearDown()[pri:0, instance:com.mangaapp.MangaApp.MangaDetailsModalTest@5542c4ed]" started-at="2024-08-24T01:59:32 BDT" name="tearDown" finished-at="2024-08-24T01:59:33 BDT" duration-ms="483" status="PASS">
          <reporter-output>
          </reporter-output>
        </test-method> <!-- tearDown -->
      </class> <!-- com.mangaapp.MangaApp.MangaDetailsModalTest -->
      <class name="com.mangaapp.MangaApp.MangaSearchTest">
        <test-method is-config="true" signature="setUp()[pri:0, instance:com.mangaapp.MangaApp.MangaSearchTest@815b41f]" started-at="2024-08-24T01:57:55 BDT" name="setUp" finished-at="2024-08-24T01:57:57 BDT" duration-ms="2628" status="PASS">
          <reporter-output>
          </reporter-output>
        </test-method> <!-- setUp -->
        <test-method signature="testLoginFunctionality()[pri:0, instance:com.mangaapp.MangaApp.MangaSearchTest@815b41f]" started-at="2024-08-24T01:57:57 BDT" name="testLoginFunctionality" finished-at="2024-08-24T01:58:08 BDT" duration-ms="10913" status="PASS">
          <reporter-output>
          </reporter-output>
        </test-method> <!-- testLoginFunctionality -->
        <test-method signature="testSearchFunctionality()[pri:0, instance:com.mangaapp.MangaApp.MangaSearchTest@815b41f]" started-at="2024-08-24T01:58:08 BDT" name="testSearchFunctionality" finished-at="2024-08-24T01:58:50 BDT" duration-ms="42130" status="PASS">
          <reporter-output>
          </reporter-output>
        </test-method> <!-- testSearchFunctionality -->
        <test-method is-config="true" signature="tearDown()[pri:0, instance:com.mangaapp.MangaApp.MangaSearchTest@815b41f]" started-at="2024-08-24T01:58:50 BDT" name="tearDown" finished-at="2024-08-24T01:58:51 BDT" duration-ms="537" status="PASS">
          <reporter-output>
          </reporter-output>
        </test-method> <!-- tearDown -->
      </class> <!-- com.mangaapp.MangaApp.MangaSearchTest -->
      <class name="com.mangaapp.MangaApp.LoginTest">
        <test-method is-config="true" signature="setUp()[pri:0, instance:com.mangaapp.MangaApp.LoginTest@327514f]" started-at="2024-08-24T01:57:31 BDT" name="setUp" finished-at="2024-08-24T01:57:36 BDT" duration-ms="5516" status="PASS">
          <reporter-output>
          </reporter-output>
        </test-method> <!-- setUp -->
        <test-method signature="testLoginFunctionality()[pri:0, instance:com.mangaapp.MangaApp.LoginTest@327514f]" started-at="2024-08-24T01:57:36 BDT" name="testLoginFunctionality" finished-at="2024-08-24T01:57:50 BDT" duration-ms="13425" status="PASS">
          <reporter-output>
          </reporter-output>
        </test-method> <!-- testLoginFunctionality -->
        <test-method is-config="true" signature="tearDown()[pri:0, instance:com.mangaapp.MangaApp.LoginTest@327514f]" started-at="2024-08-24T01:57:50 BDT" name="tearDown" finished-at="2024-08-24T01:57:55 BDT" duration-ms="5166" status="PASS">
          <reporter-output>
          </reporter-output>
        </test-method> <!-- tearDown -->
      </class> <!-- com.mangaapp.MangaApp.LoginTest -->
    </test> <!-- MangaAppTests -->
  </suite> <!-- MangaAppTestSuite -->
</testng-results>
